<?xml version="1.0" encoding="UTF-8"?>
<beans xmlns="http://www.springframework.org/schema/beans"
       xmlns:xsi="http://www.w3.org/2001/XMLSchema-instance"
       xmlns:context="http://www.springframework.org/schema/context"
       xmlns:tx="http://www.springframework.org/schema/tx"
       xmlns:security="http://www.springframework.org/schema/security"
       xsi:schemaLocation="
http://www.springframework.org/schema/beans http://www.springframework.org/schema/beans/spring-beans-3.0.xsd
http://www.springframework.org/schema/tx http://www.springframework.org/schema/tx/spring-tx.xsd
http://www.springframework.org/schema/context http://www.springframework.org/schema/context/spring-context.xsd
http://www.springframework.org/schema/security http://www.springframework.org/schema/security/spring-security.xsd">

    <tx:annotation-driven transaction-manager="transactionManager"/>

    <context:component-scan base-package="md.euroreparatii"/>

    <!-- Data region -->
    <bean id="applicationProperties"
          class="org.springframework.beans.factory.config.PropertyPlaceholderConfigurer">
        <property name="location" value="classpath:app.properties"/>
    </bean>

    <bean id="dataSource" class="org.springframework.jdbc.datasource.DriverManagerDataSource">
        <property name="driverClassName" value="${db.driver}"/>
        <property name="url" value="${db.url}"/>
        <property name="username" value="${db.username}"/>
        <property name="password" value="${db.password}"/>
    </bean>

    <bean id="sessionFactory" class="org.springframework.orm.hibernate4.LocalSessionFactoryBean">
        <property name="dataSource" ref="dataSource"/>
        <property name="hibernateProperties">
            <props>
                <prop key="hibernate.dialect">${hibernate.dialect}</prop>
                <prop key="hibernate.show_sql">${hibernate.show_sql}</prop>
                <prop key="hibernate.hbm2ddl.auto">${hibernate.hbm2ddl.auto}</prop>
            </props>
        </property>
        <property name="packagesToScan" value="md.euroreparatii.dal.model"/>
    </bean>

    <bean id="transactionManager"
          class="org.springframework.orm.hibernate4.HibernateTransactionManager">
        <property name="sessionFactory" ref="sessionFactory"/>
    </bean>
    <!-- End Data region -->

    <!-- Security definitions -->
    <security:http auto-config="true" access-denied-page="/login" use-expressions="true">
        <security:form-login login-page="/login" default-target-url="/" authentication-failure-url="/loginfailed"/>
        <security:logout logout-success-url="/logout"/>
    </security:http>

    <security:authentication-manager>
        <security:authentication-provider ref="customAuthenticationProvider"/>
    </security:authentication-manager>

    <security:global-method-security secured-annotations="enabled"/>
    <!-- End Security definitions -->

    <!-- Localization -->
    <bean id="messageSource" class="org.springframework.context.support.ReloadableResourceBundleMessageSource">
        <property name="basename" value="classpath:language"/>
        <property name="defaultEncoding" value="UTF-8"/>
    </bean>
    <bean id="localeResolver" class="org.springframework.web.servlet.i18n.CookieLocaleResolver">
        <property name="defaultLocale" value="ro"/>
    </bean>
    <!-- End Localization -->
</beans>